2020-06-11 07:47:37.074  INFO 7316 --- [Test worker] .s.d.r.c.RepositoryConfigurationDelegate : Bootstrapping Spring Data MongoDB repositories in DEFAULT mode.
2020-06-11 07:47:37.107 DEBUG 7316 --- [Test worker] .s.d.r.c.RepositoryConfigurationDelegate : Scanning for MongoDB repositories in packages ydhl.eb.ez.
2020-06-11 07:47:37.121 DEBUG 7316 --- [Test worker] o.s.d.r.c.RepositoryComponentProvider    : Identified candidate component class: file [D:\Spring\program\musicplayer\build\classes\java\main\ydhl\eb\ez\dao\SongRepository.class]
2020-06-11 07:47:37.172  INFO 7316 --- [Test worker] .s.d.r.c.RepositoryConfigurationDelegate : Finished Spring Data repository scanning in 63ms. Found 1 MongoDB repository interfaces.
2020-06-11 07:47:37.866 DEBUG 7316 --- [Test worker] o.s.data.convert.CustomConversions       : Registering converter from class java.time.LocalDateTime to class java.time.Instant as reading converter although it doesn't convert from a store-supported type! You might want to check your annotation setup at the converter implementation.
2020-06-11 07:47:37.867 DEBUG 7316 --- [Test worker] o.s.data.convert.CustomConversions       : Registering converter from class java.time.Instant to class java.time.LocalDateTime as reading converter although it doesn't convert from a store-supported type! You might want to check your annotation setup at the converter implementation.
2020-06-11 07:47:37.899 DEBUG 7316 --- [Test worker] o.s.data.convert.CustomConversions       : Registering converter from class java.time.LocalDateTime to class java.time.Instant as reading converter although it doesn't convert from a store-supported type! You might want to check your annotation setup at the converter implementation.
2020-06-11 07:47:37.899 DEBUG 7316 --- [Test worker] o.s.data.convert.CustomConversions       : Registering converter from class java.time.Instant to class java.time.LocalDateTime as reading converter although it doesn't convert from a store-supported type! You might want to check your annotation setup at the converter implementation.
2020-06-11 07:47:37.987 DEBUG 7316 --- [Test worker] o.s.d.r.c.s.RepositoryFactorySupport     : Initializing repository instance for ydhl.eb.ez.dao.SongRepository¡­
2020-06-11 07:47:38.026 DEBUG 7316 --- [Test worker] .m.c.i.MongoPersistentEntityIndexCreator : Analyzing class class ydhl.eb.ez.model.Song for index information.
2020-06-11 07:47:38.064 DEBUG 7316 --- [Test worker] .m.c.i.MongoPersistentEntityIndexCreator : Analyzing class class ydhl.eb.ez.service.Result for index information.
2020-06-11 07:47:38.094 DEBUG 7316 --- [Test worker] o.s.d.r.c.s.RepositoryFactorySupport     : Finished creation of repository instance for ydhl.eb.ez.dao.SongRepository.
2020-06-11 07:52:57.089  INFO 10644 --- [Test worker] .s.d.r.c.RepositoryConfigurationDelegate : Bootstrapping Spring Data MongoDB repositories in DEFAULT mode.
2020-06-11 07:52:57.108 DEBUG 10644 --- [Test worker] .s.d.r.c.RepositoryConfigurationDelegate : Scanning for MongoDB repositories in packages ydhl.eb.ez.
2020-06-11 07:52:57.118 DEBUG 10644 --- [Test worker] o.s.d.r.c.RepositoryComponentProvider    : Identified candidate component class: file [D:\Spring\program\musicplayer\build\classes\java\main\ydhl\eb\ez\dao\SongRepository.class]
2020-06-11 07:52:57.170  INFO 10644 --- [Test worker] .s.d.r.c.RepositoryConfigurationDelegate : Finished Spring Data repository scanning in 61ms. Found 1 MongoDB repository interfaces.
2020-06-11 07:52:57.913 DEBUG 10644 --- [Test worker] o.s.data.convert.CustomConversions       : Registering converter from class java.time.LocalDateTime to class java.time.Instant as reading converter although it doesn't convert from a store-supported type! You might want to check your annotation setup at the converter implementation.
2020-06-11 07:52:57.913 DEBUG 10644 --- [Test worker] o.s.data.convert.CustomConversions       : Registering converter from class java.time.Instant to class java.time.LocalDateTime as reading converter although it doesn't convert from a store-supported type! You might want to check your annotation setup at the converter implementation.
2020-06-11 07:52:57.948 DEBUG 10644 --- [Test worker] o.s.data.convert.CustomConversions       : Registering converter from class java.time.LocalDateTime to class java.time.Instant as reading converter although it doesn't convert from a store-supported type! You might want to check your annotation setup at the converter implementation.
2020-06-11 07:52:57.949 DEBUG 10644 --- [Test worker] o.s.data.convert.CustomConversions       : Registering converter from class java.time.Instant to class java.time.LocalDateTime as reading converter although it doesn't convert from a store-supported type! You might want to check your annotation setup at the converter implementation.
2020-06-11 07:52:58.043 DEBUG 10644 --- [Test worker] o.s.d.r.c.s.RepositoryFactorySupport     : Initializing repository instance for ydhl.eb.ez.dao.SongRepository¡­
2020-06-11 07:52:58.084 DEBUG 10644 --- [Test worker] .m.c.i.MongoPersistentEntityIndexCreator : Analyzing class class ydhl.eb.ez.model.Song for index information.
2020-06-11 07:52:58.125 DEBUG 10644 --- [Test worker] .m.c.i.MongoPersistentEntityIndexCreator : Analyzing class class ydhl.eb.ez.service.Result for index information.
2020-06-11 07:52:58.149 DEBUG 10644 --- [Test worker] o.s.d.r.c.s.RepositoryFactorySupport     : Finished creation of repository instance for ydhl.eb.ez.dao.SongRepository.
2020-06-11 07:53:29.287  INFO 10600 --- [Test worker] .s.d.r.c.RepositoryConfigurationDelegate : Bootstrapping Spring Data MongoDB repositories in DEFAULT mode.
2020-06-11 07:53:29.303 DEBUG 10600 --- [Test worker] .s.d.r.c.RepositoryConfigurationDelegate : Scanning for MongoDB repositories in packages ydhl.eb.ez.
2020-06-11 07:53:29.312 DEBUG 10600 --- [Test worker] o.s.d.r.c.RepositoryComponentProvider    : Identified candidate component class: file [D:\Spring\program\musicplayer\build\classes\java\main\ydhl\eb\ez\dao\SongRepository.class]
2020-06-11 07:53:29.359  INFO 10600 --- [Test worker] .s.d.r.c.RepositoryConfigurationDelegate : Finished Spring Data repository scanning in 55ms. Found 1 MongoDB repository interfaces.
2020-06-11 07:53:30.207 DEBUG 10600 --- [Test worker] o.s.data.convert.CustomConversions       : Registering converter from class java.time.LocalDateTime to class java.time.Instant as reading converter although it doesn't convert from a store-supported type! You might want to check your annotation setup at the converter implementation.
2020-06-11 07:53:30.208 DEBUG 10600 --- [Test worker] o.s.data.convert.CustomConversions       : Registering converter from class java.time.Instant to class java.time.LocalDateTime as reading converter although it doesn't convert from a store-supported type! You might want to check your annotation setup at the converter implementation.
2020-06-11 07:53:30.246 DEBUG 10600 --- [Test worker] o.s.data.convert.CustomConversions       : Registering converter from class java.time.LocalDateTime to class java.time.Instant as reading converter although it doesn't convert from a store-supported type! You might want to check your annotation setup at the converter implementation.
2020-06-11 07:53:30.247 DEBUG 10600 --- [Test worker] o.s.data.convert.CustomConversions       : Registering converter from class java.time.Instant to class java.time.LocalDateTime as reading converter although it doesn't convert from a store-supported type! You might want to check your annotation setup at the converter implementation.
2020-06-11 07:53:30.342 DEBUG 10600 --- [Test worker] o.s.d.r.c.s.RepositoryFactorySupport     : Initializing repository instance for ydhl.eb.ez.dao.SongRepository¡­
2020-06-11 07:53:30.380 DEBUG 10600 --- [Test worker] .m.c.i.MongoPersistentEntityIndexCreator : Analyzing class class ydhl.eb.ez.model.Song for index information.
2020-06-11 07:53:30.411 DEBUG 10600 --- [Test worker] .m.c.i.MongoPersistentEntityIndexCreator : Analyzing class class ydhl.eb.ez.service.Result for index information.
2020-06-11 07:53:30.432 DEBUG 10600 --- [Test worker] o.s.d.r.c.s.RepositoryFactorySupport     : Finished creation of repository instance for ydhl.eb.ez.dao.SongRepository.
2020-06-11 07:54:52.336  INFO 17256 --- [Test worker] .s.d.r.c.RepositoryConfigurationDelegate : Bootstrapping Spring Data MongoDB repositories in DEFAULT mode.
2020-06-11 07:54:52.353 DEBUG 17256 --- [Test worker] .s.d.r.c.RepositoryConfigurationDelegate : Scanning for MongoDB repositories in packages ydhl.eb.ez.
2020-06-11 07:54:52.366 DEBUG 17256 --- [Test worker] o.s.d.r.c.RepositoryComponentProvider    : Identified candidate component class: file [D:\Spring\program\musicplayer\build\classes\java\main\ydhl\eb\ez\dao\SongRepository.class]
2020-06-11 07:54:52.418  INFO 17256 --- [Test worker] .s.d.r.c.RepositoryConfigurationDelegate : Finished Spring Data repository scanning in 63ms. Found 1 MongoDB repository interfaces.
2020-06-11 07:54:53.314 DEBUG 17256 --- [Test worker] o.s.data.convert.CustomConversions       : Registering converter from class java.time.LocalDateTime to class java.time.Instant as reading converter although it doesn't convert from a store-supported type! You might want to check your annotation setup at the converter implementation.
2020-06-11 07:54:53.315 DEBUG 17256 --- [Test worker] o.s.data.convert.CustomConversions       : Registering converter from class java.time.Instant to class java.time.LocalDateTime as reading converter although it doesn't convert from a store-supported type! You might want to check your annotation setup at the converter implementation.
2020-06-11 07:54:53.350 DEBUG 17256 --- [Test worker] o.s.data.convert.CustomConversions       : Registering converter from class java.time.LocalDateTime to class java.time.Instant as reading converter although it doesn't convert from a store-supported type! You might want to check your annotation setup at the converter implementation.
2020-06-11 07:54:53.350 DEBUG 17256 --- [Test worker] o.s.data.convert.CustomConversions       : Registering converter from class java.time.Instant to class java.time.LocalDateTime as reading converter although it doesn't convert from a store-supported type! You might want to check your annotation setup at the converter implementation.
2020-06-11 07:54:53.441 DEBUG 17256 --- [Test worker] o.s.d.r.c.s.RepositoryFactorySupport     : Initializing repository instance for ydhl.eb.ez.dao.SongRepository¡­
2020-06-11 07:54:53.479 DEBUG 17256 --- [Test worker] .m.c.i.MongoPersistentEntityIndexCreator : Analyzing class class ydhl.eb.ez.model.Song for index information.
2020-06-11 07:54:53.516 DEBUG 17256 --- [Test worker] .m.c.i.MongoPersistentEntityIndexCreator : Analyzing class class ydhl.eb.ez.service.Result for index information.
2020-06-11 07:54:53.547 DEBUG 17256 --- [Test worker] o.s.d.r.c.s.RepositoryFactorySupport     : Finished creation of repository instance for ydhl.eb.ez.dao.SongRepository.
2020-06-11 08:59:09.762  INFO 14432 --- [Test worker] .s.d.r.c.RepositoryConfigurationDelegate : Bootstrapping Spring Data MongoDB repositories in DEFAULT mode.
2020-06-11 08:59:09.787 DEBUG 14432 --- [Test worker] .s.d.r.c.RepositoryConfigurationDelegate : Scanning for MongoDB repositories in packages ydhl.eb.ez.
2020-06-11 08:59:09.800 DEBUG 14432 --- [Test worker] o.s.d.r.c.RepositoryComponentProvider    : Identified candidate component class: file [D:\Spring\program\musicplayer\build\classes\java\main\ydhl\eb\ez\dao\SongRepository.class]
2020-06-11 08:59:09.848  INFO 14432 --- [Test worker] .s.d.r.c.RepositoryConfigurationDelegate : Finished Spring Data repository scanning in 61ms. Found 1 MongoDB repository interfaces.
2020-06-11 08:59:10.733 DEBUG 14432 --- [Test worker] o.s.data.convert.CustomConversions       : Registering converter from class java.time.LocalDateTime to class java.time.Instant as reading converter although it doesn't convert from a store-supported type! You might want to check your annotation setup at the converter implementation.
2020-06-11 08:59:10.734 DEBUG 14432 --- [Test worker] o.s.data.convert.CustomConversions       : Registering converter from class java.time.Instant to class java.time.LocalDateTime as reading converter although it doesn't convert from a store-supported type! You might want to check your annotation setup at the converter implementation.
2020-06-11 08:59:10.784 DEBUG 14432 --- [Test worker] o.s.data.convert.CustomConversions       : Registering converter from class java.time.LocalDateTime to class java.time.Instant as reading converter although it doesn't convert from a store-supported type! You might want to check your annotation setup at the converter implementation.
2020-06-11 08:59:10.784 DEBUG 14432 --- [Test worker] o.s.data.convert.CustomConversions       : Registering converter from class java.time.Instant to class java.time.LocalDateTime as reading converter although it doesn't convert from a store-supported type! You might want to check your annotation setup at the converter implementation.
2020-06-11 08:59:10.879 DEBUG 14432 --- [Test worker] o.s.d.r.c.s.RepositoryFactorySupport     : Initializing repository instance for ydhl.eb.ez.dao.SongRepository¡­
2020-06-11 08:59:10.927 DEBUG 14432 --- [Test worker] .m.c.i.MongoPersistentEntityIndexCreator : Analyzing class class ydhl.eb.ez.model.Song for index information.
2020-06-11 08:59:10.971 DEBUG 14432 --- [Test worker] .m.c.i.MongoPersistentEntityIndexCreator : Analyzing class class ydhl.eb.ez.service.Result for index information.
2020-06-11 08:59:10.997 DEBUG 14432 --- [Test worker] o.s.d.r.c.s.RepositoryFactorySupport     : Finished creation of repository instance for ydhl.eb.ez.dao.SongRepository.
